time="2025-01-10T11:05:26+07:00" level=warning msg="F:\\HK7\\AdvancedWeb\\project\\tmdb-backend\\docker-compose.yml: the attribute `version` is obsolete, it will be ignored, please remove it to avoid potential confusion"
time="2025-01-10T11:05:28+07:00" level=warning msg="F:\\HK7\\AdvancedWeb\\project\\tmdb-backend\\docker-compose.yml: the attribute `version` is obsolete, it will be ignored, please remove it to avoid potential confusion"
#0 building with "desktop-linux" instance using docker driver

#1 [app internal] load build definition from Dockerfile
#1 transferring dockerfile: 403B 0.0s done
#1 DONE 0.1s

#2 [app internal] load metadata for docker.io/library/maven:3.8.6-eclipse-temurin-17
#2 ...

#3 [app auth] library/amazoncorretto:pull token for registry-1.docker.io
#3 DONE 0.0s

#4 [app auth] library/maven:pull token for registry-1.docker.io
#4 DONE 0.0s

#5 [app internal] load metadata for docker.io/library/amazoncorretto:17
#5 DONE 2.9s

#2 [app internal] load metadata for docker.io/library/maven:3.8.6-eclipse-temurin-17
#2 DONE 2.9s

#6 [app internal] load .dockerignore
#6 transferring context: 2B done
#6 DONE 0.0s

#7 [app internal] load build context
#7 DONE 0.0s

#8 [app stage-1 1/3] FROM docker.io/library/amazoncorretto:17@sha256:d14414e3e0c511903957dbd037ff69999f6164820eeea7b46afd62e98ac4d6eb
#8 resolve docker.io/library/amazoncorretto:17@sha256:d14414e3e0c511903957dbd037ff69999f6164820eeea7b46afd62e98ac4d6eb 0.1s done
#8 DONE 0.1s

#9 [app build 1/5] FROM docker.io/library/maven:3.8.6-eclipse-temurin-17@sha256:5092873778f0495464c1151df8f5c2e01a09ba37d931be719cbc1fc0f4559a07
#9 resolve docker.io/library/maven:3.8.6-eclipse-temurin-17@sha256:5092873778f0495464c1151df8f5c2e01a09ba37d931be719cbc1fc0f4559a07 0.1s done
#9 DONE 0.1s

#7 [app internal] load build context
#7 transferring context: 7.10kB 0.1s done
#7 DONE 0.1s

#10 [app stage-1 2/3] WORKDIR /app
#10 CACHED

#11 [app build 3/5] COPY pom.xml .
#11 CACHED

#12 [app build 5/5] RUN mvn package -DskipTests
#12 CACHED

#13 [app build 2/5] WORKDIR /app
#13 CACHED

#14 [app build 4/5] COPY src ./src
#14 CACHED

#15 [app stage-1 3/3] COPY --from=build /app/target/*.jar app.jar
#15 CACHED

#16 [app] exporting to image
#16 exporting layers 0.0s done
#16 exporting manifest sha256:a88434b228f98c0997cc78b5eb01a6a3c6cbec048a97ca2e6e6601380f4e99a8 done
#16 exporting config sha256:7b622ef6ad9d8d932c6455ff864f4dd965a2d045c278c7ad4193a4b34e1fd11d done
#16 exporting attestation manifest sha256:6e3440cd56f7dc5866c3bb7bd119950df8efa0fd5c97c2aa7c34d78dc7e0c567 0.1s done
#16 exporting manifest list sha256:a1361af436ec5038e6c989ae79f8d9c6c6b72581892499e5a137c8e6709a8069
#16 exporting manifest list sha256:a1361af436ec5038e6c989ae79f8d9c6c6b72581892499e5a137c8e6709a8069 0.0s done
#16 naming to docker.io/library/tdmb:latest 0.0s done
#16 unpacking to docker.io/library/tdmb:latest 0.0s done
#16 DONE 0.2s

#17 [app] resolving provenance for metadata file
#17 DONE 0.1s
time="2025-01-10T11:05:35+07:00" level=warning msg="F:\\HK7\\AdvancedWeb\\project\\tmdb-backend\\docker-compose.yml: the attribute `version` is obsolete, it will be ignored, please remove it to avoid potential confusion"
 Network tmdb-backend_default  Creating
 Network tmdb-backend_default  Created
 Container movie_app  Creating
 Container movie_app  Created
 Container movie_app  Starting
 Container movie_app  Started
Services started successfully.
